<?xml version="1.0" encoding="UTF-8"?>
<!-- Generated by org.testng.reporters.JUnitReportReporter -->
<testsuite skipped="0" hostname="CDC2-L-84613MC" name="com.qa.TestCase.AmazonLoginPageTest" tests="2" failures="0" timestamp="2020-03-10T08:59:56 IST" time="1.504" errors="0">
  <testcase name="AmazonLogoTest" time="1.450" classname="com.qa.TestCase.AmazonLoginPageTest"/>
  <system-out/>
  <testcase name="ConsumerPortalTittle" time="0.054" classname="com.qa.TestCase.AmazonLoginPageTest"/>
  <system-out/>
</testsuite> <!-- com.qa.TestCase.AmazonLoginPageTest -->
