<?xml version="1.0" encoding="UTF-8"?>
<!-- Generated by org.testng.reporters.JUnitReportReporter -->
<testsuite skipped="0" hostname="CDC2-L-84613MC" name="com.qa.TestCase.AmazonLoginPageTest" tests="3" failures="0" timestamp="2020-03-19T15:00:56 IST" time="15.950" errors="0">
  <testcase name="AmazonLogoTest" time="0.791" classname="com.qa.TestCase.AmazonLoginPageTest"/>
  <system-out/>
  <testcase name="ConsumerPortalTittle" time="0.012" classname="com.qa.TestCase.AmazonLoginPageTest"/>
  <system-out/>
  <testcase name="ConsumerLoginTest" time="15.147" classname="com.qa.TestCase.AmazonLoginPageTest"/>
  <system-out/>
</testsuite> <!-- com.qa.TestCase.AmazonLoginPageTest -->
