<?xml version="1.0" encoding="UTF-8"?>
<!-- Generated by org.testng.reporters.JUnitReportReporter -->
<testsuite skipped="0" hostname="CDC2-L-84613MC" name="com.qa.TestCase.AmazonLoginPageTest" tests="2" failures="0" timestamp="2020-03-17T16:06:14 IST" time="1.363" errors="0">
  <testcase name="AmazonLogoTest" time="1.347" classname="com.qa.TestCase.AmazonLoginPageTest"/>
  <system-out/>
  <testcase name="ConsumerPortalTittle" time="0.016" classname="com.qa.TestCase.AmazonLoginPageTest"/>
  <system-out/>
</testsuite> <!-- com.qa.TestCase.AmazonLoginPageTest -->
