<?xml version="1.0" encoding="UTF-8"?>
<!-- Generated by org.testng.reporters.JUnitReportReporter -->
<testsuite skipped="2" hostname="DESKTOP-F6V67VL" name="com.qa.TestCase.DashBoardPageTest" tests="2" failures="0" timestamp="03 Feb 2020 19:45:50 GMT" time="0.000" errors="0">
  <testcase name="AmazonSearchPage" time="0.000" classname="com.qa.TestCase.DashBoardPageTest">
    <skipped/>
  </testcase> <!-- AmazonSearchPage -->
  <testcase name="ClickonContactPage" time="0.000" classname="com.qa.TestCase.DashBoardPageTest">
    <skipped/>
  </testcase> <!-- ClickonContactPage -->
</testsuite> <!-- com.qa.TestCase.DashBoardPageTest -->
